<?xml version="1.0" encoding="UTF-8"?>
<!-- Generated by org.testng.reporters.JUnitReportReporter -->
<testsuite skipped="0" hostname="DESKTOP-5HFHNH1" name="Day3.LogingDemo" tests="1" failures="0" timestamp="2024-01-25T22:33:59 IST" time="1.773" errors="0">
  <testcase name="testLog" time="1.773" classname="Day3.LogingDemo"/>
  <system-out/>
</testsuite> <!-- Day3.LogingDemo -->
