<?xml version="1.0" encoding="UTF-8"?>
<!-- Generated by org.testng.reporters.JUnitReportReporter -->
<testsuite skipped="0" hostname="DESKTOP-5HFHNH1" name="Day8.Get_User" tests="1" failures="0" timestamp="2023-12-17T21:49:41 IST" time="1.779" errors="0">
  <testcase name="test_GetUser" time="1.779" classname="Day8.Get_User"/>
  <system-out/>
</testsuite> <!-- Day8.Get_User -->
