<?xml version="1.0" encoding="UTF-8"?>
<!-- Generated by org.testng.reporters.JUnitReportReporter -->
<testsuite skipped="0" hostname="DESKTOP-5HFHNH1" name="Day1.HTTPRequests" tests="4" failures="0" timestamp="2023-11-13T13:13:11 IST" time="15.932" errors="0">
  <testcase name="getUsers" time="5.780" classname="Day1.HTTPRequests"/>
  <system-out/>
  <testcase name="createUser" time="1.266" classname="Day1.HTTPRequests"/>
  <system-out/>
  <testcase name="updateUser" time="6.418" classname="Day1.HTTPRequests"/>
  <system-out/>
  <testcase name="deleteUser" time="2.468" classname="Day1.HTTPRequests"/>
  <system-out/>
</testsuite> <!-- Day1.HTTPRequests -->
