<?xml version="1.0" encoding="UTF-8"?>
<!-- Generated by org.testng.reporters.JUnitReportReporter -->
<testsuite skipped="0" hostname="DESKTOP-5HFHNH1" name="api.test.UserTests" tests="4" failures="0" timestamp="2023-11-23T14:01:28 IST" time="45.731" errors="0">
  <testcase name="testPostUser" time="18.748" classname="api.test.UserTests"/>
  <system-out/>
  <testcase name="testGetUserByName" time="13.296" classname="api.test.UserTests"/>
  <system-out/>
  <testcase name="testUpdateUserByName" time="8.655" classname="api.test.UserTests"/>
  <system-out/>
  <testcase name="testDeleteUserByName" time="5.032" classname="api.test.UserTests"/>
  <system-out/>
</testsuite> <!-- api.test.UserTests -->
