<?xml version="1.0" encoding="UTF-8"?>
<!-- Generated by org.testng.reporters.JUnitReportReporter -->
<testsuite skipped="0" hostname="DESKTOP-5HFHNH1" name="Day2.DiffwaysToCreatePostRequest" tests="2" failures="0" timestamp="2024-01-25T21:43:59 IST" time="6.082" errors="0">
  <testcase name="testPostusingPOJO" time="3.982" classname="Day2.DiffwaysToCreatePostRequest"/>
  <system-out/>
  <testcase name="testDelete1" time="2.100" classname="Day2.DiffwaysToCreatePostRequest"/>
  <system-out/>
</testsuite> <!-- Day2.DiffwaysToCreatePostRequest -->
