<?xml version="1.0" encoding="UTF-8"?>
<!-- Generated by org.testng.reporters.JUnitReportReporter -->
<testsuite skipped="0" hostname="DESKTOP-5HFHNH1" name="Day8.Create_User" tests="1" failures="0" timestamp="2023-05-04T16:25:32 IST" time="3.278" errors="0">
  <testcase name="test_createUser" time="3.278" classname="Day8.Create_User"/>
  <system-out/>
</testsuite> <!-- Day8.Create_User -->
