<?xml version="1.0" encoding="UTF-8"?>
<!-- Generated by org.testng.reporters.JUnitReportReporter -->
<testsuite hostname="DESKTOP-5HFHNH1" failures="0" tests="3" name="Day1.practice" time="5.114" errors="0" timestamp="2024-06-24T22:22:04 IST" skipped="0">
  <testcase classname="Day1.practice" name="createUser" time="3.261"/>
  <system-out/>
  <testcase classname="Day1.practice" name="updateUser" time="1.026"/>
  <system-out/>
  <testcase classname="Day1.practice" name="deleteUser" time="0.827"/>
  <system-out/>
</testsuite> <!-- Day1.practice -->
