<?xml version="1.0" encoding="UTF-8"?>
<!-- Generated by org.testng.reporters.JUnitReportReporter -->
<testsuite hostname="DESKTOP-5HFHNH1" failures="0" tests="2" name="api.test.StoreTests" time="5.667" errors="0" timestamp="2025-06-21T12:15:52 IST" skipped="0">
  <testcase classname="api.test.StoreTests" name="testPostUser" time="3.871"/>
  <system-out/>
  <testcase classname="api.test.StoreTests" name="testGetStorePetId" time="1.796"/>
  <system-out/>
</testsuite> <!-- api.test.StoreTests -->
