<?xml version="1.0" encoding="UTF-8"?>
<!-- Generated by org.testng.reporters.JUnitReportReporter -->
<testsuite skipped="0" hostname="DESKTOP-5HFHNH1" name="Day2.demo1" tests="1" failures="0" timestamp="2024-01-18T21:16:07 IST" time="4.717" errors="0">
  <testcase name="testPostusingHashMap" time="4.717" classname="Day2.demo1"/>
  <system-out/>
</testsuite> <!-- Day2.demo1 -->
