<?xml version="1.0" encoding="UTF-8"?>
<!-- Generated by org.testng.reporters.JUnitReportReporter -->
<testsuite skipped="0" hostname="DESKTOP-5HFHNH1" name="REST_ASSURED.Example1" tests="1" failures="0" timestamp="2023-04-28T22:44:12 IST" time="2.779" errors="0">
  <testcase name="Gaterequest" time="2.779" classname="REST_ASSURED.Example1"/>
  <system-out/>
</testsuite> <!-- REST_ASSURED.Example1 -->
