<?xml version="1.0" encoding="UTF-8"?>
<!-- Generated by org.testng.reporters.JUnitReportReporter -->
<testsuite skipped="0" hostname="DESKTOP-5HFHNH1" name="api.test.UserTests2" tests="4" failures="0" timestamp="2023-07-24T21:50:25 IST" time="55.096" errors="0">
  <testcase name="testPostUser" time="14.772" classname="api.test.UserTests2"/>
  <system-out/>
  <testcase name="testGetUserByName" time="11.095" classname="api.test.UserTests2"/>
  <system-out/>
  <testcase name="testUpdateUserByName" time="26.035" classname="api.test.UserTests2"/>
  <system-out/>
  <testcase name="testDeleteUserByName" time="3.194" classname="api.test.UserTests2"/>
  <system-out/>
</testsuite> <!-- api.test.UserTests2 -->
