<?xml version="1.0" encoding="UTF-8"?>
<!-- Generated by org.testng.reporters.JUnitReportReporter -->
<testsuite skipped="0" hostname="DESKTOP-5HFHNH1" name="Day7.FakerDataGenrator" tests="1" failures="0" timestamp="2023-05-04T15:16:36 IST" time="0.145" errors="0">
  <testcase name="testGenrateDummyData" time="0.145" classname="Day7.FakerDataGenrator"/>
  <system-out/>
</testsuite> <!-- Day7.FakerDataGenrator -->
