<?xml version="1.0" encoding="UTF-8"?>
<!-- Generated by org.testng.reporters.JUnitReportReporter -->
<testsuite skipped="0" hostname="DESKTOP-5HFHNH1" name="api.test.StoreTests" tests="2" failures="0" timestamp="2023-11-23T20:16:37 IST" time="4.721" errors="0">
  <testcase name="testPostUser" time="3.008" classname="api.test.StoreTests"/>
  <system-out/>
  <testcase name="testGetStorePetId" time="1.713" classname="api.test.StoreTests"/>
  <system-out/>
</testsuite> <!-- api.test.StoreTests -->
