<?xml version="1.0" encoding="UTF-8"?>
<!-- Generated by org.testng.reporters.JUnitReportReporter -->
<testsuite hostname="DESKTOP-5HFHNH1" failures="0" tests="1" name="REST_ASSURED.Request" time="1.525" errors="0" timestamp="2025-08-02T20:05:42 IST" skipped="0">
  <testcase classname="REST_ASSURED.Request" name="getRequest1" time="1.525"/>
  <system-out/>
</testsuite> <!-- REST_ASSURED.Request -->
