<?xml version="1.0" encoding="UTF-8"?>
<!-- Generated by org.testng.reporters.JUnitReportReporter -->
<testsuite skipped="0" hostname="DESKTOP-5HFHNH1" name="Day1.HTTPRequests" tests="4" failures="0" timestamp="2023-04-29T23:04:13 IST" time="5.688" errors="0">
  <testcase name="getUsers" time="2.935" classname="Day1.HTTPRequests"/>
  <system-out/>
  <testcase name="createUser" time="1.181" classname="Day1.HTTPRequests"/>
  <system-out/>
  <testcase name="updateUser" time="0.800" classname="Day1.HTTPRequests"/>
  <system-out/>
  <testcase name="deleteUser" time="0.772" classname="Day1.HTTPRequests"/>
  <system-out/>
</testsuite> <!-- Day1.HTTPRequests -->
