<?xml version="1.0" encoding="UTF-8"?>
<!-- Generated by org.testng.reporters.JUnitReportReporter -->
<testsuite skipped="0" hostname="DESKTOP-5HFHNH1" name="Day2.DiffwaysToCreatePostRequest" tests="2" failures="0" timestamp="2023-04-29T23:03:11 IST" time="6.073" errors="0">
  <testcase name="testPostusingExternal_JSONfile" time="3.960" classname="Day2.DiffwaysToCreatePostRequest"/>
  <system-out/>
  <testcase name="testDelete11" time="2.113" classname="Day2.DiffwaysToCreatePostRequest"/>
  <system-out/>
</testsuite> <!-- Day2.DiffwaysToCreatePostRequest -->
