<?xml version="1.0" encoding="UTF-8"?>
<!-- Generated by org.testng.reporters.JUnitReportReporter -->
<testsuite skipped="0" hostname="DESKTOP-5HFHNH1" name="api.test.UserTests2" tests="4" failures="0" timestamp="2023-05-12T19:14:22 IST" time="13.435" errors="0">
  <testcase name="testPostUser" time="4.224" classname="api.test.UserTests2"/>
  <system-out/>
  <testcase name="testGetUserByName" time="2.344" classname="api.test.UserTests2"/>
  <system-out/>
  <testcase name="testUpdateUserByName" time="4.661" classname="api.test.UserTests2"/>
  <system-out/>
  <testcase name="testDeleteUserByName" time="2.206" classname="api.test.UserTests2"/>
  <system-out/>
</testsuite> <!-- api.test.UserTests2 -->
