<?xml version="1.0" encoding="UTF-8"?>
<!-- Generated by org.testng.reporters.JUnitReportReporter -->
<testsuite skipped="0" hostname="DESKTOP-5HFHNH1" name="api.test.UserTests2" tests="4" failures="0" timestamp="2024-03-03T15:52:57 IST" time="15.458" errors="0">
  <testcase name="testPostUser" time="4.868" classname="api.test.UserTests2"/>
  <system-out/>
  <testcase name="testGetUserByName" time="2.817" classname="api.test.UserTests2"/>
  <system-out/>
  <testcase name="testUpdateUserByName" time="5.113" classname="api.test.UserTests2"/>
  <system-out/>
  <testcase name="testDeleteUserByName" time="2.660" classname="api.test.UserTests2"/>
  <system-out/>
</testsuite> <!-- api.test.UserTests2 -->
