<?xml version="1.0" encoding="UTF-8"?>
<!-- Generated by org.testng.reporters.JUnitReportReporter -->
<testsuite skipped="0" hostname="DESKTOP-5HFHNH1" name="api.test.UserTests2" tests="4" failures="0" timestamp="2023-11-23T10:16:44 IST" time="9.340" errors="0">
  <testcase name="testPostUser" time="3.385" classname="api.test.UserTests2"/>
  <system-out/>
  <testcase name="testGetUserByName" time="1.500" classname="api.test.UserTests2"/>
  <system-out/>
  <testcase name="testUpdateUserByName" time="3.016" classname="api.test.UserTests2"/>
  <system-out/>
  <testcase name="testDeleteUserByName" time="1.439" classname="api.test.UserTests2"/>
  <system-out/>
</testsuite> <!-- api.test.UserTests2 -->
