<?xml version="1.0" encoding="UTF-8"?>
<!-- Generated by org.testng.reporters.JUnitReportReporter -->
<testsuite skipped="0" hostname="DESKTOP-5HFHNH1" name="Day5.FileUploadAndDownload" tests="3" failures="0" timestamp="2023-11-28T21:19:25 IST" time="2.119" errors="0">
  <testcase name="SingleFileUpload" time="2.009" classname="Day5.FileUploadAndDownload"/>
  <system-out/>
  <testcase name="MultipleFilesUpload" time="0.089" classname="Day5.FileUploadAndDownload"/>
  <system-out/>
  <testcase name="FileDownload" time="0.021" classname="Day5.FileUploadAndDownload"/>
  <system-out/>
</testsuite> <!-- Day5.FileUploadAndDownload -->
