<?xml version="1.0" encoding="UTF-8"?>
<!-- Generated by org.testng.reporters.JUnitReportReporter -->
<testsuite hostname="DESKTOP-5HFHNH1" failures="0" tests="1" name="Day7.Authentication" time="4.226" errors="0" timestamp="2024-06-24T22:19:12 IST" skipped="0">
  <testcase classname="Day7.Authentication" name="testBasicAuthentication" time="4.226"/>
  <system-out/>
</testsuite> <!-- Day7.Authentication -->
