<?xml version="1.0" encoding="UTF-8"?>
<!-- Generated by org.testng.reporters.JUnitReportReporter -->
<testsuite hostname="DESKTOP-5HFHNH1" failures="0" tests="1" name="Day6.SerilizationDeserilization" time="0.201" errors="0" timestamp="2024-06-24T22:14:35 IST" skipped="0">
  <testcase classname="Day6.SerilizationDeserilization" name="convertPojo2Json" time="0.201"/>
  <system-out/>
</testsuite> <!-- Day6.SerilizationDeserilization -->
