<?xml version="1.0" encoding="UTF-8"?>
<!-- Generated by org.testng.reporters.JUnitReportReporter -->
<testsuite skipped="0" hostname="DESKTOP-5HFHNH1" name="api.test.UserTests" tests="4" failures="0" timestamp="2023-05-07T20:22:44 IST" time="10.756" errors="0">
  <testcase name="testPostUser" time="4.184" classname="api.test.UserTests"/>
  <system-out/>
  <testcase name="testGetUserByName" time="1.636" classname="api.test.UserTests"/>
  <system-out/>
  <testcase name="testUpdateUserByName" time="3.303" classname="api.test.UserTests"/>
  <system-out/>
  <testcase name="testDeleteUserByName" time="1.633" classname="api.test.UserTests"/>
  <system-out/>
</testsuite> <!-- api.test.UserTests -->
