<?xml version="1.0" encoding="UTF-8"?>
<!-- Generated by org.testng.reporters.JUnitReportReporter -->
<testsuite skipped="0" hostname="DESKTOP-5HFHNH1" name="Rest_assured_Practice.Post_request" tests="1" failures="0" timestamp="2024-02-01T20:11:12 IST" time="3.403" errors="0">
  <testcase name="testjsonresponse" time="3.403" classname="Rest_assured_Practice.Post_request"/>
  <system-out/>
</testsuite> <!-- Rest_assured_Practice.Post_request -->
