<?xml version="1.0" encoding="UTF-8"?>
<!-- Generated by org.testng.reporters.JUnitReportReporter -->
<testsuite skipped="0" hostname="DESKTOP-5HFHNH1" name="Day3.CookiesDemo" tests="1" failures="0" timestamp="2023-05-18T19:59:20 IST" time="3.706" errors="0">
  <testcase name="geCookiesInfo" time="3.706" classname="Day3.CookiesDemo"/>
  <system-out/>
</testsuite> <!-- Day3.CookiesDemo -->
