<?xml version="1.0" encoding="UTF-8"?>
<!-- Generated by org.testng.reporters.JUnitReportReporter -->
<testsuite skipped="0" hostname="DESKTOP-5HFHNH1" name="api.test.DDTests" tests="6" failures="0" timestamp="2023-05-06T21:50:55 IST" time="27.436" errors="0">
  <testcase name="testPostuser" time="4.315" classname="api.test.DDTests"/>
  <system-out/>
  <testcase name="testPostuser" time="1.975" classname="api.test.DDTests"/>
  <system-out/>
  <testcase name="testPostuser" time="4.355" classname="api.test.DDTests"/>
  <system-out/>
  <testcase name="testDeleteUserByName" time="1.956" classname="api.test.DDTests"/>
  <system-out/>
  <testcase name="testDeleteUserByName" time="12.635" classname="api.test.DDTests"/>
  <system-out/>
  <testcase name="testDeleteUserByName" time="2.200" classname="api.test.DDTests"/>
  <system-out/>
</testsuite> <!-- api.test.DDTests -->
