<?xml version="1.0" encoding="UTF-8"?>
<!-- Generated by org.testng.reporters.JUnitReportReporter -->
<testsuite skipped="0" hostname="DESKTOP-5HFHNH1" name="api.test.DDTests" tests="6" failures="0" timestamp="2023-11-25T21:01:23 IST" time="12.085" errors="0">
  <testcase name="testPostuser" time="4.013" classname="api.test.DDTests"/>
  <system-out/>
  <testcase name="testPostuser" time="1.771" classname="api.test.DDTests"/>
  <system-out/>
  <testcase name="testPostuser" time="1.662" classname="api.test.DDTests"/>
  <system-out/>
  <testcase name="testDeleteUserByName" time="1.533" classname="api.test.DDTests"/>
  <system-out/>
  <testcase name="testDeleteUserByName" time="1.535" classname="api.test.DDTests"/>
  <system-out/>
  <testcase name="testDeleteUserByName" time="1.571" classname="api.test.DDTests"/>
  <system-out/>
</testsuite> <!-- api.test.DDTests -->
