<?xml version="1.0" encoding="UTF-8"?>
<!-- Generated by org.testng.reporters.JUnitReportReporter -->
<testsuite skipped="0" hostname="DESKTOP-5HFHNH1" name="Day5.ParsingXMLResponse" tests="1" failures="0" timestamp="2023-12-17T22:23:11 IST" time="2.564" errors="0">
  <testcase name="testXMLResponseBody" time="2.564" classname="Day5.ParsingXMLResponse"/>
  <system-out/>
</testsuite> <!-- Day5.ParsingXMLResponse -->
