<?xml version="1.0" encoding="UTF-8"?>
<!-- Generated by org.testng.reporters.JUnitReportReporter -->
<testsuite skipped="0" hostname="DESKTOP-5HFHNH1" name="Day6.JSONSchemaValidation" tests="1" failures="0" timestamp="2023-12-17T23:05:56 IST" time="4.196" errors="0">
  <testcase name="jsonschemavalidation" time="4.196" classname="Day6.JSONSchemaValidation"/>
  <system-out/>
</testsuite> <!-- Day6.JSONSchemaValidation -->
