<?xml version="1.0" encoding="UTF-8"?>
<!-- Generated by org.testng.reporters.JUnitReportReporter -->
<testsuite skipped="0" hostname="DESKTOP-5HFHNH1" name="Day1.HTTPRequests" tests="3" failures="0" timestamp="2024-01-25T19:09:21 IST" time="5.979" errors="0">
  <testcase name="getUsers" time="3.425" classname="Day1.HTTPRequests"/>
  <system-out/>
  <testcase name="createUser" time="1.545" classname="Day1.HTTPRequests"/>
  <system-out/>
  <testcase name="updateUser" time="1.009" classname="Day1.HTTPRequests"/>
  <system-out/>
</testsuite> <!-- Day1.HTTPRequests -->
