<?xml version="1.0" encoding="UTF-8"?>
<!-- Generated by org.testng.reporters.JUnitReportReporter -->
<testsuite skipped="0" hostname="DESKTOP-5HFHNH1" name="Day8.Update_user" tests="1" failures="0" timestamp="2023-05-18T20:19:43 IST" time="1.744" errors="0">
  <testcase name="testUpdateUser" time="1.744" classname="Day8.Update_user"/>
  <system-out/>
</testsuite> <!-- Day8.Update_user -->
