<?xml version="1.0" encoding="UTF-8"?>
<!-- Generated by org.testng.reporters.JUnitReportReporter -->
<testsuite skipped="0" hostname="DESKTOP-5HFHNH1" name="Day3.CookiesDemo" tests="1" failures="0" timestamp="2023-04-29T23:04:41 IST" time="1.960" errors="0">
  <testcase name="geCookiesInfo" time="1.960" classname="Day3.CookiesDemo"/>
  <system-out/>
</testsuite> <!-- Day3.CookiesDemo -->
