<?xml version="1.0" encoding="UTF-8"?>
<!-- Generated by org.testng.reporters.JUnitReportReporter -->
<testsuite skipped="0" hostname="DESKTOP-5HFHNH1" name="Day6.SerilizationDeserilization" tests="1" failures="0" timestamp="2023-12-17T21:18:53 IST" time="0.233" errors="0">
  <testcase name="converJson2Pojo" time="0.233" classname="Day6.SerilizationDeserilization"/>
  <system-out/>
</testsuite> <!-- Day6.SerilizationDeserilization -->
