<?xml version="1.0" encoding="UTF-8"?>
<!-- Generated by org.testng.reporters.JUnitReportReporter -->
<testsuite hostname="DESKTOP-5HFHNH1" failures="0" tests="1" name="Day1.HTTPRequests" time="2.518" errors="0" timestamp="2024-06-20T17:05:34 IST" skipped="0">
  <testcase classname="Day1.HTTPRequests" name="getUsers" time="2.518"/>
  <system-out/>
</testsuite> <!-- Day1.HTTPRequests -->
