<?xml version="1.0" encoding="UTF-8"?>
<!-- Generated by org.testng.reporters.JUnitReportReporter -->
<testsuite skipped="0" hostname="DESKTOP-5HFHNH1" name="Day5.FileUploadAndDownload" tests="3" failures="0" timestamp="2023-05-11T14:43:17 IST" time="2.084" errors="0">
  <testcase name="SingleFileUpload" time="1.983" classname="Day5.FileUploadAndDownload"/>
  <system-out/>
  <testcase name="MultipleFilesUpload" time="0.074" classname="Day5.FileUploadAndDownload"/>
  <system-out/>
  <testcase name="FileDownload" time="0.027" classname="Day5.FileUploadAndDownload"/>
  <system-out/>
</testsuite> <!-- Day5.FileUploadAndDownload -->
