<?xml version="1.0" encoding="UTF-8"?>
<!-- Generated by org.testng.reporters.JUnitReportReporter -->
<testsuite skipped="0" hostname="DESKTOP-5HFHNH1" name="Day3.PathAndQueryParametrs" tests="1" failures="0" timestamp="2023-05-18T20:02:21 IST" time="4.294" errors="0">
  <testcase name="testPathAndQueryParametrs" time="4.294" classname="Day3.PathAndQueryParametrs"/>
  <system-out/>
</testsuite> <!-- Day3.PathAndQueryParametrs -->
