<?xml version="1.0" encoding="UTF-8"?>
<!-- Generated by org.testng.reporters.JUnitReportReporter -->
<testsuite skipped="0" hostname="DESKTOP-5HFHNH1" name="Day3.HeaderDemo" tests="1" failures="0" timestamp="2023-04-29T23:04:53 IST" time="1.920" errors="0">
  <testcase name="getHeaders" time="1.920" classname="Day3.HeaderDemo"/>
  <system-out/>
</testsuite> <!-- Day3.HeaderDemo -->
