<?xml version="1.0" encoding="UTF-8"?>
<!-- Generated by org.testng.reporters.JUnitReportReporter -->
<testsuite skipped="0" hostname="DESKTOP-5HFHNH1" name="Day7.Authentication" tests="2" failures="0" timestamp="2023-05-04T15:13:38 IST" time="2.546" errors="0">
  <testcase name="testAPIKeyAuthentication" time="1.805" classname="Day7.Authentication"/>
  <system-out/>
  <testcase name="testBeareTokenAuthontication" time="0.741" classname="Day7.Authentication"/>
  <system-out/>
</testsuite> <!-- Day7.Authentication -->
