<?xml version="1.0" encoding="UTF-8"?>
<!-- Generated by org.testng.reporters.JUnitReportReporter -->
<testsuite skipped="0" hostname="DESKTOP-5HFHNH1" name="Rest_assured_Practice.day1" tests="3" failures="0" timestamp="2024-01-25T21:08:15 IST" time="4.636" errors="0">
  <testcase name="getuser" time="2.282" classname="Rest_assured_Practice.day1"/>
  <system-out/>
  <testcase name="createUser" time="1.350" classname="Rest_assured_Practice.day1"/>
  <system-out/>
  <testcase name="updateuser" time="1.004" classname="Rest_assured_Practice.day1"/>
  <system-out/>
</testsuite> <!-- Rest_assured_Practice.day1 -->
