<?xml version="1.0" encoding="UTF-8"?>
<!-- Generated by org.testng.reporters.JUnitReportReporter -->
<testsuite skipped="0" hostname="DESKTOP-5HFHNH1" name="api.test.UserTests2" tests="4" failures="0" timestamp="2023-05-09T19:06:44 IST" time="16.964" errors="0">
  <testcase name="testPostUser" time="5.215" classname="api.test.UserTests2"/>
  <system-out/>
  <testcase name="testGetUserByName" time="3.153" classname="api.test.UserTests2"/>
  <system-out/>
  <testcase name="testUpdateUserByName" time="5.521" classname="api.test.UserTests2"/>
  <system-out/>
  <testcase name="testDeleteUserByName" time="3.075" classname="api.test.UserTests2"/>
  <system-out/>
</testsuite> <!-- api.test.UserTests2 -->
