<?xml version="1.0" encoding="UTF-8"?>
<!-- Generated by org.testng.reporters.JUnitReportReporter -->
<testsuite skipped="0" hostname="DESKTOP-5HFHNH1" name="REST_ASSURED.Request" tests="1" failures="0" timestamp="2023-04-12T22:30:41 IST" time="3.107" errors="0">
  <testcase name="getRequest1" time="3.107" classname="REST_ASSURED.Request"/>
  <system-out/>
</testsuite> <!-- REST_ASSURED.Request -->
