<?xml version="1.0" encoding="UTF-8"?>
<!-- Generated by org.testng.reporters.JUnitReportReporter -->
<testsuite hostname="DESKTOP-5HFHNH1" failures="0" tests="4" name="api.test.UserTests2" time="11.157" errors="0" timestamp="2024-05-28T22:06:11 IST" skipped="0">
  <testcase classname="api.test.UserTests2" name="testPostUser" time="4.651"/>
  <system-out/>
  <testcase classname="api.test.UserTests2" name="testGetUserByName" time="1.595"/>
  <system-out/>
  <testcase classname="api.test.UserTests2" name="testUpdateUserByName" time="3.265"/>
  <system-out/>
  <testcase classname="api.test.UserTests2" name="testDeleteUserByName" time="1.646"/>
  <system-out/>
</testsuite> <!-- api.test.UserTests2 -->
