<?xml version="1.0" encoding="UTF-8"?>
<!-- Generated by org.testng.reporters.JUnitReportReporter -->
<testsuite hostname="DESKTOP-5HFHNH1" failures="0" tests="4" name="api.test.UserTests2" time="10.049" errors="0" timestamp="2024-02-17T20:34:32 IST" skipped="0">
  <testcase classname="api.test.UserTests2" name="testPostUser" time="4.634"/>
  <system-out/>
  <testcase classname="api.test.UserTests2" name="testGetUserByName" time="1.546"/>
  <system-out/>
  <testcase classname="api.test.UserTests2" name="testUpdateUserByName" time="2.646"/>
  <system-out/>
  <testcase classname="api.test.UserTests2" name="testDeleteUserByName" time="1.223"/>
  <system-out/>
</testsuite> <!-- api.test.UserTests2 -->
