<?xml version="1.0" encoding="UTF-8"?>
<!-- Generated by org.testng.reporters.JUnitReportReporter -->
<testsuite hostname="DESKTOP-5HFHNH1" failures="0" tests="4" name="api.test.UserTests2" time="9.513" errors="0" timestamp="2024-07-04T20:20:18 IST" skipped="0">
  <testcase classname="api.test.UserTests2" name="testPostUser" time="3.220"/>
  <system-out/>
  <testcase classname="api.test.UserTests2" name="testGetUserByName" time="1.685"/>
  <system-out/>
  <testcase classname="api.test.UserTests2" name="testUpdateUserByName" time="3.195"/>
  <system-out/>
  <testcase classname="api.test.UserTests2" name="testDeleteUserByName" time="1.413"/>
  <system-out/>
</testsuite> <!-- api.test.UserTests2 -->
