<?xml version="1.0" encoding="UTF-8"?>
<!-- Generated by org.testng.reporters.JUnitReportReporter -->
<testsuite hostname="DESKTOP-5HFHNH1" failures="0" tests="4" name="api.test.UserTests2" time="9.460" errors="0" timestamp="2023-05-09T21:36:39 IST" skipped="0">
  <testcase classname="api.test.UserTests2" name="testPostUser" time="3.324"/>
  <system-out/>
  <testcase classname="api.test.UserTests2" name="testGetUserByName" time="1.661"/>
  <system-out/>
  <testcase classname="api.test.UserTests2" name="testUpdateUserByName" time="2.957"/>
  <system-out/>
  <testcase classname="api.test.UserTests2" name="testDeleteUserByName" time="1.518"/>
  <system-out/>
</testsuite> <!-- api.test.UserTests2 -->
