<?xml version="1.0" encoding="UTF-8"?>
<!-- Generated by org.testng.reporters.JUnitReportReporter -->
<testsuite hostname="DESKTOP-5HFHNH1" failures="0" tests="4" name="api.test.UserTests2" time="11.349" errors="0" timestamp="2023-05-14T19:35:12 IST" skipped="0">
  <testcase classname="api.test.UserTests2" name="testPostUser" time="5.436"/>
  <system-out/>
  <testcase classname="api.test.UserTests2" name="testGetUserByName" time="1.542"/>
  <system-out/>
  <testcase classname="api.test.UserTests2" name="testUpdateUserByName" time="2.837"/>
  <system-out/>
  <testcase classname="api.test.UserTests2" name="testDeleteUserByName" time="1.534"/>
  <system-out/>
</testsuite> <!-- api.test.UserTests2 -->
