<?xml version="1.0" encoding="UTF-8"?>
<!-- Generated by org.testng.reporters.JUnitReportReporter -->
<testsuite hostname="DESKTOP-5HFHNH1" failures="0" tests="4" name="api.test.UserTests2" time="14.139" errors="0" timestamp="2023-05-14T20:03:08 IST" skipped="0">
  <testcase classname="api.test.UserTests2" name="testPostUser" time="7.200"/>
  <system-out/>
  <testcase classname="api.test.UserTests2" name="testGetUserByName" time="2.244"/>
  <system-out/>
  <testcase classname="api.test.UserTests2" name="testUpdateUserByName" time="3.110"/>
  <system-out/>
  <testcase classname="api.test.UserTests2" name="testDeleteUserByName" time="1.585"/>
  <system-out/>
</testsuite> <!-- api.test.UserTests2 -->
